Build started 4/19/2015 7:58:01 PM.
     1>Project "C:\Users\Tanveer\documents\visual studio 2010\Projects\Clothing-Classification-system\Clothing-Classification-system\Clothing-Classification-system.vcxproj" on node 2 (build target(s)).
     1>InitializeBuildStatus:
         Touching "Release\Clothing-Classification-system.unsuccessfulbuild".
       ClCompile:
         All outputs are up-to-date.
         C:\Program Files (x86)\Microsoft Visual Studio 10.0\VC\bin\CL.exe /c /IC:\OpenCV\opencv\build\include\opencv2 /IC:\OpenCV\opencv\build\include\opencv /IC:\OpenCV\opencv\build\include\opencv2\highgui /IC:\OpenCV\opencv\build\include\opencv /Zi /nologo /W3 /WX- /O2 /Oi /Oy- /GL /D _MBCS /Gm- /EHsc /MD /GS /Gy /fp:precise /Zc:wchar_t /Zc:forScope /Fo"Release\\" /Fd"Release\vc100.pdb" /Gd /TP /analyze- /errorReport:prompt main.cpp
         main.cpp
     1>c:\opencv\opencv\build\include\opencv2\flann\logger.h(66): warning C4996: 'fopen': This function or variable may be unsafe. Consider using fopen_s instead. To disable deprecation, use _CRT_SECURE_NO_WARNINGS. See online help for details.
                 C:\Program Files (x86)\Microsoft Visual Studio 10.0\VC\include\stdio.h(234) : see declaration of 'fopen'
     1>C:\OpenCV\opencv\build\include\opencv2/legacy/blobtrack.hpp(187): warning C4996: 'strcpy': This function or variable may be unsafe. Consider using strcpy_s instead. To disable deprecation, use _CRT_SECURE_NO_WARNINGS. See online help for details.
                 C:\Program Files (x86)\Microsoft Visual Studio 10.0\VC\include\string.h(105) : see declaration of 'strcpy'
     1>C:\OpenCV\opencv\build\include\opencv2/legacy/blobtrack.hpp(256): warning C4996: 'strcat': This function or variable may be unsafe. Consider using strcat_s instead. To disable deprecation, use _CRT_SECURE_NO_WARNINGS. See online help for details.
                 C:\Program Files (x86)\Microsoft Visual Studio 10.0\VC\include\string.h(110) : see declaration of 'strcat'
     1>main.cpp(234): warning C4018: '<' : signed/unsigned mismatch
     1>main.cpp(307): warning C4244: 'initializing' : conversion from 'float' to 'int', possible loss of data
     1>main.cpp(425): warning C4018: '<' : signed/unsigned mismatch
     1>main.cpp(498): warning C4244: 'initializing' : conversion from 'float' to 'int', possible loss of data
       Link:
         C:\Program Files (x86)\Microsoft Visual Studio 10.0\VC\bin\link.exe /ERRORREPORT:PROMPT /OUT:"C:\Users\Tanveer\documents\visual studio 2010\Projects\Clothing-Classification-system\Release\Clothing-Classification-system.exe" /NOLOGO /LIBPATH:C:\OpenCV\opencv\build\x64\vc10\lib opencv_calib3d248.lib opencv_contrib248.lib opencv_core248.lib opencv_features2d248.lib opencv_flann248.lib opencv_gpu248.lib opencv_highgui248.lib opencv_imgproc248.lib opencv_legacy248.lib opencv_ml248.lib opencv_nonfree248.lib opencv_objdetect248.lib opencv_ocl248.lib opencv_photo248.lib opencv_stitching248.lib opencv_superres248.lib opencv_ts248.lib opencv_video248.lib opencv_videostab248.lib kernel32.lib user32.lib gdi32.lib winspool.lib comdlg32.lib advapi32.lib shell32.lib ole32.lib oleaut32.lib uuid.lib odbc32.lib odbccp32.lib /MANIFEST /ManifestFile:"Release\Clothing-Classification-system.exe.intermediate.manifest" /MANIFESTUAC:"level='asInvoker' uiAccess='false'" /DEBUG /PDB:"C:\Users\Tanveer\documents\visual studio 2010\Projects\Clothing-Classification-system\Release\Clothing-Classification-system.pdb" /OPT:REF /OPT:ICF /LTCG /TLBID:1 /DYNAMICBASE /NXCOMPAT /IMPLIB:"C:\Users\Tanveer\documents\visual studio 2010\Projects\Clothing-Classification-system\Release\Clothing-Classification-system.lib" /MACHINE:X86 Release\ImageUtils.obj
         Release\main.obj
     1>opencv_highgui248.lib(opencv_highgui248.dll) : fatal error LNK1112: module machine type 'x64' conflicts with target machine type 'X86'
     1>Done Building Project "C:\Users\Tanveer\documents\visual studio 2010\Projects\Clothing-Classification-system\Clothing-Classification-system\Clothing-Classification-system.vcxproj" (build target(s)) -- FAILED.

Build FAILED.

Time Elapsed 00:00:01.60
